INFO: 2023-03-22 10:30:18,527: main() 'Using profile folder /home/ash/.config/variety/'
INFO: 2023-03-22 10:30:18,530: perform_upgrade() 'Last run version was 0.8.10 or earlier, current version is 0.8.10'
INFO: 2023-03-22 10:30:18,635: process_command() 'Received command: ['--profile', '/home/ash/.config/variety/']'
INFO: 2023-03-22 10:30:18,637: start() 'Using data_path /usr/share/variety'
INFO: 2023-03-22 10:30:18,637: load() 'Jumble loading'
INFO: 2023-03-22 10:30:18,637: _walk_modules() 'Jumble loading module in __init__ from /usr/lib/python3.11/site-packages/variety/plugins/builtin/__init__.py'
INFO: 2023-03-22 10:30:18,638: _walk_modules() 'Jumble loading module in ResizingDisplayModesPlugin from /usr/lib/python3.11/site-packages/variety/plugins/builtin/display_modes/ResizingDisplayModesPlugin.py'
INFO: 2023-03-22 10:30:18,638: load() 'Jumble found plugin class: <class 'ResizingDisplayModesPlugin.ResizingDisplayModesPlugin'>: {'name': 'ResizingDisplayModesPlugin', 'description': 'Display modes that use image resizing within Variety', 'version': '1.0', 'author': 'Peter Levi'}'
INFO: 2023-03-22 10:30:18,638: _walk_modules() 'Jumble loading module in LegacyDisplayModesPlugin from /usr/lib/python3.11/site-packages/variety/plugins/builtin/display_modes/LegacyDisplayModesPlugin.py'
INFO: 2023-03-22 10:30:18,639: load() 'Jumble found plugin class: <class 'LegacyDisplayModesPlugin.LegacyDisplayModesPlugin'>: {'name': 'LegacyDisplayModesPlugin', 'description': 'Legacy display mode for compatibility with past Variety versions', 'version': '1.0', 'author': 'Peter Levi'}'
INFO: 2023-03-22 10:30:18,639: _walk_modules() 'Jumble loading module in GnomeDisplayModesPlugin from /usr/lib/python3.11/site-packages/variety/plugins/builtin/display_modes/GnomeDisplayModesPlugin.py'
INFO: 2023-03-22 10:30:18,639: load() 'Jumble found plugin class: <class 'GnomeDisplayModesPlugin.GnomeDisplayModesPlugin'>: {'name': 'GnomeDisplayModesPlugin', 'description': 'Display modes relying on the underlying desktop environment', 'version': '1.0', 'author': 'Peter Levi'}'
INFO: 2023-03-22 10:30:18,639: _walk_modules() 'Jumble loading module in __init__ from /usr/lib/python3.11/site-packages/variety/plugins/builtin/display_modes/__init__.py'
INFO: 2023-03-22 10:30:18,640: _walk_modules() 'Jumble loading module in UrbanDictionarySource from /usr/lib/python3.11/site-packages/variety/plugins/builtin/quotes/UrbanDictionarySource.py'
INFO: 2023-03-22 10:30:18,640: load() 'Jumble found plugin class: <class 'UrbanDictionarySource.UrbanDictionarySource'>: {'name': 'Urban Dictionary', 'description': 'Displays definitions from Urban Dictionary', 'author': 'James Miller', 'version': '0.1'}'
INFO: 2023-03-22 10:30:18,640: _walk_modules() 'Jumble loading module in QuotationsPageSource from /usr/lib/python3.11/site-packages/variety/plugins/builtin/quotes/QuotationsPageSource.py'
ERROR: 2023-03-22 10:30:18,641: _walk_modules() 'Could not load plugin module /usr/lib/python3.11/site-packages/variety/plugins/builtin/quotes/QuotationsPageSource.py'
Traceback (most recent call last):
  File "/usr/lib/python3.11/site-packages/jumble/Jumble.py", line 45, in _walk_modules
    yield imp.load_module(name, *info), path
          ^^^^^^^^^^^^^^^^^^^^^^^^^^^^
  File "/usr/lib64/python3.11/imp.py", line 235, in load_module
    return load_source(name, filename, file)
           ^^^^^^^^^^^^^^^^^^^^^^^^^^^^^^^^^
  File "/usr/lib64/python3.11/imp.py", line 172, in load_source
    module = _load(spec)
             ^^^^^^^^^^^
  File "<frozen importlib._bootstrap>", line 721, in _load
  File "<frozen importlib._bootstrap>", line 690, in _load_unlocked
  File "<frozen importlib._bootstrap_external>", line 940, in exec_module
  File "<frozen importlib._bootstrap>", line 241, in _call_with_frames_removed
  File "/usr/lib/python3.11/site-packages/variety/plugins/builtin/quotes/QuotationsPageSource.py", line 22, in <module>
    from httplib2 import iri2uri
ModuleNotFoundError: No module named 'httplib2'
INFO: 2023-03-22 10:30:18,642: _walk_modules() 'Jumble loading module in GoodreadsSource from /usr/lib/python3.11/site-packages/variety/plugins/builtin/quotes/GoodreadsSource.py'
ERROR: 2023-03-22 10:30:18,642: _walk_modules() 'Could not load plugin module /usr/lib/python3.11/site-packages/variety/plugins/builtin/quotes/GoodreadsSource.py'
Traceback (most recent call last):
  File "/usr/lib/python3.11/site-packages/jumble/Jumble.py", line 45, in _walk_modules
    yield imp.load_module(name, *info), path
          ^^^^^^^^^^^^^^^^^^^^^^^^^^^^
  File "/usr/lib64/python3.11/imp.py", line 235, in load_module
    return load_source(name, filename, file)
           ^^^^^^^^^^^^^^^^^^^^^^^^^^^^^^^^^
  File "/usr/lib64/python3.11/imp.py", line 172, in load_source
    module = _load(spec)
             ^^^^^^^^^^^
  File "<frozen importlib._bootstrap>", line 721, in _load
  File "<frozen importlib._bootstrap>", line 690, in _load_unlocked
  File "<frozen importlib._bootstrap_external>", line 940, in exec_module
  File "<frozen importlib._bootstrap>", line 241, in _call_with_frames_removed
  File "/usr/lib/python3.11/site-packages/variety/plugins/builtin/quotes/GoodreadsSource.py", line 21, in <module>
    from httplib2 import iri2uri
ModuleNotFoundError: No module named 'httplib2'
INFO: 2023-03-22 10:30:18,642: _walk_modules() 'Jumble loading module in LocalFilesSource from /usr/lib/python3.11/site-packages/variety/plugins/builtin/quotes/LocalFilesSource.py'
INFO: 2023-03-22 10:30:18,643: load() 'Jumble found plugin class: <class 'LocalFilesSource.LocalFilesSource'>: {'name': 'Local text files', 'description': 'Displays quotes, defined in local text files.\nPut your own txt files in: /home/ash/.config/variety/pluginconfig/quotes/.\nThe file format is:\n\nquote -- author\n.\nsecond quote -- another author\n.\netc...\n\nExample: http://rvelthuis.de/zips/quotes.txt', 'author': 'Peter Levi', 'version': '0.1'}'
INFO: 2023-03-22 10:30:18,643: _walk_modules() 'Jumble loading module in FortuneSource from /usr/lib/python3.11/site-packages/variety/plugins/builtin/quotes/FortuneSource.py'
INFO: 2023-03-22 10:30:18,644: load() 'Jumble found plugin class: <class 'FortuneSource.FortuneSource'>: {'name': 'UNIX fortune program', 'description': 'Displays quotes using the UNIX fortune program. You may want to install additional fortune packs, e.g. fortunes-bofh-excuses.', 'author': 'Dan Jones', 'version': '0.1'}'
INFO: 2023-03-22 10:30:18,644: _walk_modules() 'Jumble loading module in __init__ from /usr/lib/python3.11/site-packages/variety/plugins/builtin/quotes/__init__.py'
INFO: 2023-03-22 10:30:18,644: _walk_modules() 'Jumble loading module in APODDownloader from /usr/lib/python3.11/site-packages/variety/plugins/builtin/downloaders/APODDownloader.py'
INFO: 2023-03-22 10:30:18,645: load() 'Jumble found plugin class: <class 'APODDownloader.APODDownloader'>: {'name': 'APODDownloader', 'description': 'NASA Astro Pic of the Day', 'author': 'Peter Levi', 'version': '0.1'}'
INFO: 2023-03-22 10:30:18,645: _walk_modules() 'Jumble loading module in MediaRSSSource from /usr/lib/python3.11/site-packages/variety/plugins/builtin/downloaders/MediaRSSSource.py'
INFO: 2023-03-22 10:30:18,646: load() 'Jumble found plugin class: <class 'MediaRSSSource.MediaRSSSource'>: {'name': 'MediaRSSSource', 'description': 'Configurable source for fetching images from MediaRSS feeds', 'author': 'Peter Levi', 'version': '0.1'}'
INFO: 2023-03-22 10:30:18,646: _walk_modules() 'Jumble loading module in BingDownloader from /usr/lib/python3.11/site-packages/variety/plugins/builtin/downloaders/BingDownloader.py'
INFO: 2023-03-22 10:30:18,646: load() 'Jumble found plugin class: <class 'BingDownloader.BingDownloader'>: {'name': 'BingDownloader', 'description': 'Bing Photo of the Day', 'author': 'Peter Levi', 'version': '0.1'}'
INFO: 2023-03-22 10:30:18,647: _walk_modules() 'Jumble loading module in MediaRSSDownloader from /usr/lib/python3.11/site-packages/variety/plugins/builtin/downloaders/MediaRSSDownloader.py'
INFO: 2023-03-22 10:30:18,659: _walk_modules() 'Jumble loading module in UnsplashConfigurableSource from /usr/lib/python3.11/site-packages/variety/plugins/builtin/downloaders/UnsplashConfigurableSource.py'
INFO: 2023-03-22 10:30:18,660: load() 'Jumble found plugin class: <class 'UnsplashConfigurableSource.UnsplashConfigurableSource'>: {'name': 'UnsplashConfigurableSource', 'description': 'Configurable source for fetching photos from Unsplash.com', 'author': 'Peter Levi', 'version': '0.1'}'
INFO: 2023-03-22 10:30:18,660: _walk_modules() 'Jumble loading module in RedditDownloader from /usr/lib/python3.11/site-packages/variety/plugins/builtin/downloaders/RedditDownloader.py'
INFO: 2023-03-22 10:30:18,660: _walk_modules() 'Jumble loading module in RedditSource from /usr/lib/python3.11/site-packages/variety/plugins/builtin/downloaders/RedditSource.py'
INFO: 2023-03-22 10:30:18,661: load() 'Jumble found plugin class: <class 'RedditSource.RedditSource'>: {'name': 'RedditSource', 'description': 'Configurable source for fetching images from Reddit', 'author': 'Peter Levi', 'version': '0.1'}'
INFO: 2023-03-22 10:30:18,661: _walk_modules() 'Jumble loading module in WallhavenDownloader from /usr/lib/python3.11/site-packages/variety/plugins/builtin/downloaders/WallhavenDownloader.py'
INFO: 2023-03-22 10:30:18,662: _walk_modules() 'Jumble loading module in WallhavenSource from /usr/lib/python3.11/site-packages/variety/plugins/builtin/downloaders/WallhavenSource.py'
INFO: 2023-03-22 10:30:18,663: load() 'Jumble found plugin class: <class 'WallhavenSource.WallhavenSource'>: {'name': 'WallhavenSource', 'description': 'Configurable source for fetching images from Wallhaven.cc', 'author': 'Peter Levi', 'version': '0.1'}'
INFO: 2023-03-22 10:30:18,663: _walk_modules() 'Jumble loading module in EarthviewDownloader from /usr/lib/python3.11/site-packages/variety/plugins/builtin/downloaders/EarthviewDownloader.py'
INFO: 2023-03-22 10:30:18,663: load() 'Jumble found plugin class: <class 'EarthviewDownloader.EarthviewDownloader'>: {'name': 'EarthviewDownloader', 'description': 'Google Earth View Wallpapers', 'author': 'Peter Levi', 'version': '0.1'}'
INFO: 2023-03-22 10:30:18,663: _walk_modules() 'Jumble loading module in UnsplashDownloader from /usr/lib/python3.11/site-packages/variety/plugins/builtin/downloaders/UnsplashDownloader.py'
INFO: 2023-03-22 10:30:18,664: load() 'Jumble found plugin class: <class 'UnsplashDownloader.UnsplashDownloader'>: {'name': 'UnsplashDownloader', 'description': 'High-resolution photos from Unsplash.com', 'author': 'Peter Levi', 'version': '0.1'}'
INFO: 2023-03-22 10:30:18,664: _walk_modules() 'Jumble loading module in WallhavenLegacyDownloader from /usr/lib/python3.11/site-packages/variety/plugins/builtin/downloaders/WallhavenLegacyDownloader.py'
INFO: 2023-03-22 10:30:18,664: _walk_modules() 'Jumble loading module in ArtStationDownloader from /usr/lib/python3.11/site-packages/variety/plugins/builtin/downloaders/ArtStationDownloader.py'
INFO: 2023-03-22 10:30:18,665: _walk_modules() 'Jumble loading module in NationalGeographicDownloader from /usr/lib/python3.11/site-packages/variety/plugins/builtin/downloaders/NationalGeographicDownloader.py'
INFO: 2023-03-22 10:30:18,665: load() 'Jumble found plugin class: <class 'NationalGeographicDownloader.NationalGeographicDownloader'>: {'name': 'NationalGeographicDownloader', 'description': "National Geographic's photo of the day", 'author': 'Eric Rösch', 'version': '0.1'}'
INFO: 2023-03-22 10:30:18,665: _walk_modules() 'Jumble loading module in __init__ from /usr/lib/python3.11/site-packages/variety/plugins/builtin/downloaders/__init__.py'
INFO: 2023-03-22 10:30:18,665: _walk_modules() 'Jumble loading module in ArtStationSource from /usr/lib/python3.11/site-packages/variety/plugins/builtin/downloaders/ArtStationSource.py'
INFO: 2023-03-22 10:30:18,666: load() 'Jumble found plugin class: <class 'ArtStationSource.ArtStationSource'>: {'name': 'ArtStationSource', 'description': 'Configurable source for fetching images from ArtStation', 'author': 'Denis Gordeev', 'version': '0.1'}'
INFO: 2023-03-22 10:30:18,672: log_options() 'Loaded options:'
INFO: 2023-03-22 10:30:18,672: log_options() 'change_enabled = True'
INFO: 2023-03-22 10:30:18,672: log_options() 'change_interval = 600'
INFO: 2023-03-22 10:30:18,672: log_options() 'change_on_start = False'
INFO: 2023-03-22 10:30:18,672: log_options() 'clipboard_enabled = False'
INFO: 2023-03-22 10:30:18,673: log_options() 'clipboard_hosts = ['wallhaven.cc', 'wallpapers.net', 'flickr.com', 'imgur.com', 'deviantart.com', 'interfacelift.com', 'vladstudio.com', 'imageshack.us', 'deviantart.net', 'imageshack.com']'
INFO: 2023-03-22 10:30:18,673: log_options() 'clipboard_use_whitelist = True'
INFO: 2023-03-22 10:30:18,673: log_options() 'clock_date_font = Serif 30'
INFO: 2023-03-22 10:30:18,673: log_options() 'clock_enabled = False'
INFO: 2023-03-22 10:30:18,673: log_options() 'clock_filter = -density 100 -font `fc-match -f '%{file[0]}' '%CLOCK_FONT_NAME'` -pointsize %CLOCK_FONT_SIZE -gravity SouthEast -fill '#00000044' -annotate 0x0+[%HOFFSET+58]+[%VOFFSET+108] '%H:%M' -fill white -annotate 0x0+[%HOFFSET+60]+[%VOFFSET+110] '%H:%M' -font `fc-match -f '%{file[0]}' '%DATE_FONT_NAME'` -pointsize %DATE_FONT_SIZE -fill '#00000044' -annotate 0x0+[%HOFFSET+58]+[%VOFFSET+58] '%A, %B %d' -fill white -annotate 0x0+[%HOFFSET+60]+[%VOFFSET+60] '%A, %B %d''
INFO: 2023-03-22 10:30:18,673: log_options() 'clock_font = Serif 70'
INFO: 2023-03-22 10:30:18,673: log_options() 'configfile = /home/ash/.config/variety/variety.conf'
INFO: 2023-03-22 10:30:18,673: log_options() 'copyto_enabled = False'
INFO: 2023-03-22 10:30:18,673: log_options() 'copyto_folder = Default'
INFO: 2023-03-22 10:30:18,673: log_options() 'desired_color = [160, 160, 160]'
INFO: 2023-03-22 10:30:18,673: log_options() 'desired_color_enabled = False'
INFO: 2023-03-22 10:30:18,673: log_options() 'download_folder = /home/ash/.config/variety/Downloaded'
INFO: 2023-03-22 10:30:18,673: log_options() 'download_preference_ratio = 0.9'
INFO: 2023-03-22 10:30:18,673: log_options() 'favorites_folder = /home/ash/.config/variety/Favorites'
INFO: 2023-03-22 10:30:18,673: log_options() 'favorites_operations = [['Downloaded', 'Copy'], ['Fetched', 'Move'], ['Others', 'Copy']]'
INFO: 2023-03-22 10:30:18,673: log_options() 'fetched_folder = /home/ash/.config/variety/Fetched'
INFO: 2023-03-22 10:30:18,673: log_options() 'filters = [[False, 'Keep original', ''], [False, 'Grayscale', '-type Grayscale'], [False, 'Heavy blur', '-scale 20% -blur 0x10 -resize 500%'], [False, 'Soft blur', '-scale 20% -blur 0x2 -resize 500%'], [False, 'Oil painting', '-paint 8'], [False, 'Pointilism', '-spread 10 -noise 3'], [False, 'Pixellate', '-scale 3% -scale 3333%']]'
INFO: 2023-03-22 10:30:18,673: log_options() 'get_wallpaper_script = /home/ash/.config/variety/scripts/get_wallpaper'
INFO: 2023-03-22 10:30:18,673: log_options() 'icon = None'
INFO: 2023-03-22 10:30:18,673: log_options() 'internet_enabled = True'
INFO: 2023-03-22 10:30:18,673: log_options() 'lightness_enabled = False'
INFO: 2023-03-22 10:30:18,673: log_options() 'lightness_mode = 0'
INFO: 2023-03-22 10:30:18,673: log_options() 'min_rating = 4'
INFO: 2023-03-22 10:30:18,673: log_options() 'min_rating_enabled = False'
INFO: 2023-03-22 10:30:18,673: log_options() 'min_size = 80'
INFO: 2023-03-22 10:30:18,673: log_options() 'min_size_enabled = False'
INFO: 2023-03-22 10:30:18,673: log_options() 'quota_enabled = True'
INFO: 2023-03-22 10:30:18,673: log_options() 'quota_size = 1000'
INFO: 2023-03-22 10:30:18,673: log_options() 'quotes_authors = '
INFO: 2023-03-22 10:30:18,673: log_options() 'quotes_bg_color = [80, 80, 80]'
INFO: 2023-03-22 10:30:18,673: log_options() 'quotes_bg_opacity = 55'
INFO: 2023-03-22 10:30:18,673: log_options() 'quotes_change_enabled = False'
INFO: 2023-03-22 10:30:18,673: log_options() 'quotes_change_interval = 300'
INFO: 2023-03-22 10:30:18,673: log_options() 'quotes_disabled_sources = ['Urban Dictionary']'
INFO: 2023-03-22 10:30:18,673: log_options() 'quotes_enabled = False'
INFO: 2023-03-22 10:30:18,673: log_options() 'quotes_favorites_file = /home/ash/.config/variety/favorite_quotes.txt'
INFO: 2023-03-22 10:30:18,673: log_options() 'quotes_font = Serif 30'
INFO: 2023-03-22 10:30:18,673: log_options() 'quotes_hpos = 100'
INFO: 2023-03-22 10:30:18,673: log_options() 'quotes_max_length = 250'
INFO: 2023-03-22 10:30:18,673: log_options() 'quotes_tags = '
INFO: 2023-03-22 10:30:18,673: log_options() 'quotes_text_color = [255, 255, 255]'
INFO: 2023-03-22 10:30:18,673: log_options() 'quotes_text_shadow = False'
INFO: 2023-03-22 10:30:18,673: log_options() 'quotes_vpos = 40'
INFO: 2023-03-22 10:30:18,673: log_options() 'quotes_width = 70'
INFO: 2023-03-22 10:30:18,673: log_options() 'safe_mode = False'
INFO: 2023-03-22 10:30:18,673: log_options() 'set_wallpaper_script = /home/ash/.config/variety/scripts/set_wallpaper'
INFO: 2023-03-22 10:30:18,673: log_options() 'slideshow_custom_enabled = False'
INFO: 2023-03-22 10:30:18,673: log_options() 'slideshow_custom_folder = /home/ash/Pictures'
INFO: 2023-03-22 10:30:18,673: log_options() 'slideshow_downloads_enabled = False'
INFO: 2023-03-22 10:30:18,673: log_options() 'slideshow_fade = 0.4'
INFO: 2023-03-22 10:30:18,673: log_options() 'slideshow_favorites_enabled = True'
INFO: 2023-03-22 10:30:18,673: log_options() 'slideshow_mode = Fullscreen'
INFO: 2023-03-22 10:30:18,673: log_options() 'slideshow_monitor = All'
INFO: 2023-03-22 10:30:18,673: log_options() 'slideshow_pan = 0.05'
INFO: 2023-03-22 10:30:18,673: log_options() 'slideshow_seconds = 6.0'
INFO: 2023-03-22 10:30:18,673: log_options() 'slideshow_sort_order = Random'
INFO: 2023-03-22 10:30:18,673: log_options() 'slideshow_sources_enabled = True'
INFO: 2023-03-22 10:30:18,673: log_options() 'slideshow_zoom = 0.2'
INFO: 2023-03-22 10:30:18,673: log_options() 'smart_enabled = False'
INFO: 2023-03-22 10:30:18,673: log_options() 'smart_notice_shown = False'
INFO: 2023-03-22 10:30:18,673: log_options() 'smart_register_shown = False'
INFO: 2023-03-22 10:30:18,673: log_options() 'sources = [[False, 'favorites', 'The Favorites folder'], [False, 'fetched', 'The Fetched folder'], [False, 'folder', '/usr/share/backgrounds'], [False, 'flickr', 'user:www.flickr.com/photos/peter-levi/;user_id:93647178@N00;'], [False, 'apod', "NASA's Astronomy Picture of the Day"], [False, 'bing', 'Bing Photo of the Day'], [False, 'earthview', 'Google Earth View Wallpapers'], [False, 'natgeo', "National Geographic's photo of the day"], [False, 'unsplash', 'High-resolution photos from Unsplash.com'], [True, 'folder', '/home/ash/Pictures/Wallpapers']]'
INFO: 2023-03-22 10:30:18,673: log_options() 'stats_enabled = True'
INFO: 2023-03-22 10:30:18,673: log_options() 'stats_notice_shown = False'
INFO: 2023-03-22 10:30:18,673: log_options() 'sync_enabled = True'
INFO: 2023-03-22 10:30:18,673: log_options() 'use_landscape_enabled = True'
INFO: 2023-03-22 10:30:18,673: log_options() 'wallhaven_api_key = '
INFO: 2023-03-22 10:30:18,673: log_options() 'wallpaper_auto_rotate = False'
INFO: 2023-03-22 10:30:18,673: log_options() 'wallpaper_display_mode = os'
INFO: 2023-03-22 10:30:18,673: reload_config() 'No need to clear prepared queue'
INFO: 2023-03-22 10:30:18,673: update_indicator() 'Setting file info to: /home/ash/Pictures/Wallpapers/Anime/607866.png'
INFO: 2023-03-22 10:30:18,676: load_banned() 'Missing or invalid banned URLs list, no URLs will be banned'
INFO: 2023-03-22 10:30:18,676: load_last_change_time() 'Change interval < 6 hours, ignore persisted last_change_time, wait initially the whole interval: 600'
INFO: 2023-03-22 10:30:18,676: update_indicator() 'Setting file info to: /home/ash/Pictures/Wallpapers/Anime/607866.png'
INFO: 2023-03-22 10:30:18,676: regular_change_thread() 'regular_change thread running'
INFO: 2023-03-22 10:30:18,676: prepare_thread() 'Prepare thread running'
INFO: 2023-03-22 10:30:18,676: prepare_thread() 'Prepared buffer contains 0 images'
INFO: 2023-03-22 10:30:18,676: prepare_thread() 'Preparing some images'
INFO: 2023-03-22 10:30:18,704: prepare_thread() 'After search prepared buffer contains 55 images'
INFO: 2023-03-22 10:30:18,776: do_set_wp() 'Calling do_set_wp with /home/ash/Pictures/Wallpapers/Anime/607866.png, time: 1679461218.7767177'
INFO: 2023-03-22 10:30:18,788: update_indicator() 'Setting file info to: /home/ash/Pictures/Wallpapers/Anime/607866.png'
INFO: 2023-03-22 10:30:19,993: reload() 'Reloading preferences dialog'
INFO: 2023-03-22 10:30:20,705: trigger_download() 'Triggering download thread to check if download needed and possible'
INFO: 2023-03-22 10:30:38,676: server_options_thread() 'Fetching server options from http://tiny.cc/variety-options-063'
INFO: 2023-03-22 10:30:41,072: server_options_thread() 'Fetched server options: {'flickr': {'min_fill_queue_interval': 1200, 'min_download_interval': 1200}, 'wallbase': {'min_fill_queue_interval': 1800, 'min_download_interval': 1800}, 'wallhaven': {'min_fill_queue_interval': 1800, 'min_download_interval': 1800}, 'wallpapers.net': {'min_fill_queue_interval': 601, 'min_download_interval': 0}, 'unsplash': {'min_fill_queue_interval': 20000000000, 'min_download_interval': 20000000000}, 'unsplash_v2': {'min_fill_queue_interval': 3600, 'min_download_interval': 1800}, 'status_message': {'0.0.1': '', '*': ''}}'
INFO: 2023-03-22 10:40:18,676: regular_change_thread() 'regular_change changes wallpaper'
INFO: 2023-03-22 10:40:18,677: set_wallpaper() 'Calling set_wallpaper with /home/ash/Pictures/Wallpapers/Anime/616945.png'
INFO: 2023-03-22 10:40:18,677: prepare_thread() 'Prepared buffer contains 54 images'
INFO: 2023-03-22 10:40:18,677: do_set_wp() 'Calling do_set_wp with /home/ash/Pictures/Wallpapers/Anime/616945.png, time: 1679461818.6774485'
INFO: 2023-03-22 10:40:18,683: update_indicator() 'Setting file info to: /home/ash/Pictures/Wallpapers/Anime/616945.png'
INFO: 2023-03-22 10:40:20,677: trigger_download() 'Triggering download thread to check if download needed and possible'
INFO: 2023-03-22 10:50:18,747: regular_change_thread() 'regular_change changes wallpaper'
INFO: 2023-03-22 10:50:18,748: set_wallpaper() 'Calling set_wallpaper with /home/ash/Pictures/Wallpapers/Japan/pexels-pixabay-358485.jpg'
INFO: 2023-03-22 10:50:18,748: do_set_wp() 'Calling do_set_wp with /home/ash/Pictures/Wallpapers/Japan/pexels-pixabay-358485.jpg, time: 1679462418.748474'
INFO: 2023-03-22 10:50:18,748: prepare_thread() 'Prepared buffer contains 53 images'
INFO: 2023-03-22 10:50:18,758: update_indicator() 'Setting file info to: /home/ash/Pictures/Wallpapers/Japan/pexels-pixabay-358485.jpg'
INFO: 2023-03-22 10:50:20,749: trigger_download() 'Triggering download thread to check if download needed and possible'
INFO: 2023-03-22 11:00:18,823: regular_change_thread() 'regular_change changes wallpaper'
INFO: 2023-03-22 11:00:18,823: set_wallpaper() 'Calling set_wallpaper with /home/ash/Pictures/Wallpapers/Japan/pexels-pixabay-210547.jpg'
INFO: 2023-03-22 11:00:18,823: prepare_thread() 'Prepared buffer contains 52 images'
INFO: 2023-03-22 11:00:18,823: do_set_wp() 'Calling do_set_wp with /home/ash/Pictures/Wallpapers/Japan/pexels-pixabay-210547.jpg, time: 1679463018.8238652'
INFO: 2023-03-22 11:00:18,833: update_indicator() 'Setting file info to: /home/ash/Pictures/Wallpapers/Japan/pexels-pixabay-210547.jpg'
INFO: 2023-03-22 11:00:20,824: trigger_download() 'Triggering download thread to check if download needed and possible'
INFO: 2023-03-22 11:10:18,947: regular_change_thread() 'regular_change changes wallpaper'
INFO: 2023-03-22 11:10:18,947: set_wallpaper() 'Calling set_wallpaper with /home/ash/Pictures/Wallpapers/Anime/997611.png'
INFO: 2023-03-22 11:10:18,948: prepare_thread() 'Prepared buffer contains 51 images'
INFO: 2023-03-22 11:10:18,948: do_set_wp() 'Calling do_set_wp with /home/ash/Pictures/Wallpapers/Anime/997611.png, time: 1679463618.9484415'
INFO: 2023-03-22 11:10:18,957: update_indicator() 'Setting file info to: /home/ash/Pictures/Wallpapers/Anime/997611.png'
INFO: 2023-03-22 11:10:20,949: trigger_download() 'Triggering download thread to check if download needed and possible'
INFO: 2023-03-22 11:20:19,071: regular_change_thread() 'regular_change changes wallpaper'
INFO: 2023-03-22 11:20:19,072: set_wallpaper() 'Calling set_wallpaper with /home/ash/Pictures/Wallpapers/Japan/su-san-lee-E_eWwM29wfU-unsplash.jpg'
INFO: 2023-03-22 11:20:19,072: do_set_wp() 'Calling do_set_wp with /home/ash/Pictures/Wallpapers/Japan/su-san-lee-E_eWwM29wfU-unsplash.jpg, time: 1679464219.0725274'
INFO: 2023-03-22 11:20:19,072: prepare_thread() 'Prepared buffer contains 50 images'
INFO: 2023-03-22 11:20:19,085: update_indicator() 'Setting file info to: /home/ash/Pictures/Wallpapers/Japan/su-san-lee-E_eWwM29wfU-unsplash.jpg'
INFO: 2023-03-22 11:20:21,074: trigger_download() 'Triggering download thread to check if download needed and possible'
INFO: 2023-03-22 11:30:19,149: regular_change_thread() 'regular_change changes wallpaper'
INFO: 2023-03-22 11:30:19,150: set_wallpaper() 'Calling set_wallpaper with /home/ash/Pictures/Wallpapers/Japan/pexels-evgeny-tchebotarev-2187308.jpg'
INFO: 2023-03-22 11:30:19,150: prepare_thread() 'Prepared buffer contains 49 images'
INFO: 2023-03-22 11:30:19,151: do_set_wp() 'Calling do_set_wp with /home/ash/Pictures/Wallpapers/Japan/pexels-evgeny-tchebotarev-2187308.jpg, time: 1679464819.1511126'
INFO: 2023-03-22 11:30:19,161: update_indicator() 'Setting file info to: /home/ash/Pictures/Wallpapers/Japan/pexels-evgeny-tchebotarev-2187308.jpg'
INFO: 2023-03-22 11:30:21,151: trigger_download() 'Triggering download thread to check if download needed and possible'
INFO: 2023-03-22 11:40:19,276: regular_change_thread() 'regular_change changes wallpaper'
INFO: 2023-03-22 11:40:19,276: set_wallpaper() 'Calling set_wallpaper with /home/ash/Pictures/Wallpapers/Japan/jj-ying-9Qwbfa_RM94-unsplash.jpg'
INFO: 2023-03-22 11:40:19,277: prepare_thread() 'Prepared buffer contains 48 images'
INFO: 2023-03-22 11:40:19,277: do_set_wp() 'Calling do_set_wp with /home/ash/Pictures/Wallpapers/Japan/jj-ying-9Qwbfa_RM94-unsplash.jpg, time: 1679465419.2772696'
INFO: 2023-03-22 11:40:19,287: update_indicator() 'Setting file info to: /home/ash/Pictures/Wallpapers/Japan/jj-ying-9Qwbfa_RM94-unsplash.jpg'
INFO: 2023-03-22 11:40:21,278: trigger_download() 'Triggering download thread to check if download needed and possible'
INFO: 2023-03-22 11:50:19,401: regular_change_thread() 'regular_change changes wallpaper'
INFO: 2023-03-22 11:50:19,402: set_wallpaper() 'Calling set_wallpaper with /home/ash/Pictures/Wallpapers/aj-McsNra2VRQQ-unsplash.jpg'
INFO: 2023-03-22 11:50:19,402: prepare_thread() 'Prepared buffer contains 47 images'
INFO: 2023-03-22 11:50:19,402: do_set_wp() 'Calling do_set_wp with /home/ash/Pictures/Wallpapers/aj-McsNra2VRQQ-unsplash.jpg, time: 1679466019.402881'
INFO: 2023-03-22 11:50:19,410: update_indicator() 'Setting file info to: /home/ash/Pictures/Wallpapers/aj-McsNra2VRQQ-unsplash.jpg'
INFO: 2023-03-22 11:50:21,403: trigger_download() 'Triggering download thread to check if download needed and possible'
